<?xml version="1.0" encoding="UTF-8"?>
<!-- Generated by org.testng.reporters.JUnitReportReporter -->
<testsuite skipped="0" hostname="SLDT069" name="PriceComparision.IphonePriceComparision" tests="1" failures="0" timestamp="10 Jan 2020 19:52:19 GMT" time="15.113" errors="0">
  <testcase name="comparePrice" time="15.113" classname="PriceComparision.IphonePriceComparision"/>
</testsuite> <!-- PriceComparision.IphonePriceComparision -->
