<?xml version="1.0" encoding="UTF-8"?>
<!-- Generated by org.testng.reporters.JUnitReportReporter -->
<testsuite skipped="0" hostname="SLDT069" name="TripAdvisor.ClubMahindraReview" tests="1" failures="0" timestamp="10 Jan 2020 19:51:30 GMT" time="38.774" errors="0">
  <testcase name="HotelRating" time="38.774" classname="TripAdvisor.ClubMahindraReview"/>
</testsuite> <!-- TripAdvisor.ClubMahindraReview -->
